GC Precious Log:
 CardTable entry size: 512
 Card Set container configuration: InlinePtr #cards 5 size 8 Array Of Cards #cards 10 size 36 Howl #buckets 4 coarsen threshold 1843 Howl Bitmap #cards 512 size 80 coarsen threshold 460 Card regions per heap region 1 cards per card region 2048
 CPUs: 8 total, 8 available
 Memory: 5877M
 Large Page Support: Disabled
 NUMA Support: Disabled
 Compressed Oops: Enabled (32-bit)
 Heap Region Size: 1M
 Heap Min Capacity: 8M
 Heap Initial Capacity: 92M
 Heap Max Capacity: 1470M
 Pre-touch: Disabled
 Parallel Workers: 8
 Concurrent Workers: 2
 Concurrent Refinement Workers: 8
 Periodic GC: Disabled
Heap:
 garbage-first heap   total reserved 1505280K, committed 75776K, used 61001K [0x00000000a4200000, 0x0000000100000000)
  region size 1024K, 23 young (23552K), 3 survivors (3072K)
 Metaspace       used 72311K, committed 72832K, reserved 1114112K
  class space    used 8285K, committed 8512K, reserved 1048576K
GC Heap History (20 events):
Event: 15.986 GC heap before
{Heap before GC invocations=2 (full 0):
 garbage-first heap   total reserved 1505280K, committed 96256K, used 43124K [0x00000000a4200000, 0x0000000100000000)
  region size 1024K, 27 young (27648K), 2 survivors (2048K)
 Metaspace       used 21205K, committed 21504K, reserved 1114112K
  class space    used 2317K, committed 2432K, reserved 1048576K
}
Event: 15.992 GC heap after
{Heap after GC invocations=3 (full 0):
 garbage-first heap   total reserved 1505280K, committed 96256K, used 21170K [0x00000000a4200000, 0x0000000100000000)
  region size 1024K, 4 young (4096K), 4 survivors (4096K)
 Metaspace       used 21205K, committed 21504K, reserved 1114112K
  class space    used 2317K, committed 2432K, reserved 1048576K
}
Event: 17.877 GC heap before
{Heap before GC invocations=4 (full 0):
 garbage-first heap   total reserved 1505280K, committed 75776K, used 61106K [0x00000000a4200000, 0x0000000100000000)
  region size 1024K, 44 young (45056K), 4 survivors (4096K)
 Metaspace       used 28843K, committed 29248K, reserved 1114112K
  class space    used 3103K, committed 3264K, reserved 1048576K
}
Event: 17.886 GC heap after
{Heap after GC invocations=5 (full 0):
 garbage-first heap   total reserved 1505280K, committed 75776K, used 25468K [0x00000000a4200000, 0x0000000100000000)
  region size 1024K, 6 young (6144K), 6 survivors (6144K)
 Metaspace       used 28843K, committed 29248K, reserved 1114112K
  class space    used 3103K, committed 3264K, reserved 1048576K
}
Event: 19.206 GC heap before
{Heap before GC invocations=5 (full 0):
 garbage-first heap   total reserved 1505280K, committed 75776K, used 57212K [0x00000000a4200000, 0x0000000100000000)
  region size 1024K, 37 young (37888K), 6 survivors (6144K)
 Metaspace       used 33227K, committed 33600K, reserved 1114112K
  class space    used 3566K, committed 3712K, reserved 1048576K
}
Event: 19.213 GC heap after
{Heap after GC invocations=6 (full 0):
 garbage-first heap   total reserved 1505280K, committed 75776K, used 28020K [0x00000000a4200000, 0x0000000100000000)
  region size 1024K, 4 young (4096K), 4 survivors (4096K)
 Metaspace       used 33227K, committed 33600K, reserved 1114112K
  class space    used 3566K, committed 3712K, reserved 1048576K
}
Event: 20.040 GC heap before
{Heap before GC invocations=6 (full 0):
 garbage-first heap   total reserved 1505280K, committed 75776K, used 48500K [0x00000000a4200000, 0x0000000100000000)
  region size 1024K, 25 young (25600K), 4 survivors (4096K)
 Metaspace       used 35738K, committed 36096K, reserved 1114112K
  class space    used 3980K, committed 4096K, reserved 1048576K
}
Event: 20.044 GC heap after
{Heap after GC invocations=7 (full 0):
 garbage-first heap   total reserved 1505280K, committed 75776K, used 29732K [0x00000000a4200000, 0x0000000100000000)
  region size 1024K, 2 young (2048K), 2 survivors (2048K)
 Metaspace       used 35738K, committed 36096K, reserved 1114112K
  class space    used 3980K, committed 4096K, reserved 1048576K
}
Event: 21.290 GC heap before
{Heap before GC invocations=8 (full 0):
 garbage-first heap   total reserved 1505280K, committed 75776K, used 65572K [0x00000000a4200000, 0x0000000100000000)
  region size 1024K, 33 young (33792K), 2 survivors (2048K)
 Metaspace       used 39026K, committed 39488K, reserved 1114112K
  class space    used 4418K, committed 4608K, reserved 1048576K
}
Event: 21.297 GC heap after
{Heap after GC invocations=9 (full 0):
 garbage-first heap   total reserved 1505280K, committed 75776K, used 38343K [0x00000000a4200000, 0x0000000100000000)
  region size 1024K, 5 young (5120K), 5 survivors (5120K)
 Metaspace       used 39026K, committed 39488K, reserved 1114112K
  class space    used 4418K, committed 4608K, reserved 1048576K
}
Event: 22.080 GC heap before
{Heap before GC invocations=9 (full 0):
 garbage-first heap   total reserved 1505280K, committed 75776K, used 61895K [0x00000000a4200000, 0x0000000100000000)
  region size 1024K, 28 young (28672K), 5 survivors (5120K)
 Metaspace       used 40082K, committed 40512K, reserved 1114112K
  class space    used 4558K, committed 4736K, reserved 1048576K
}
Event: 22.088 GC heap after
{Heap after GC invocations=10 (full 0):
 garbage-first heap   total reserved 1505280K, committed 75776K, used 37712K [0x00000000a4200000, 0x0000000100000000)
  region size 1024K, 2 young (2048K), 2 survivors (2048K)
 Metaspace       used 40082K, committed 40512K, reserved 1114112K
  class space    used 4558K, committed 4736K, reserved 1048576K
}
Event: 26.435 GC heap before
{Heap before GC invocations=10 (full 0):
 garbage-first heap   total reserved 1505280K, committed 75776K, used 64336K [0x00000000a4200000, 0x0000000100000000)
  region size 1024K, 28 young (28672K), 2 survivors (2048K)
 Metaspace       used 45419K, committed 45888K, reserved 1114112K
  class space    used 5255K, committed 5440K, reserved 1048576K
}
Event: 26.440 GC heap after
{Heap after GC invocations=11 (full 0):
 garbage-first heap   total reserved 1505280K, committed 75776K, used 39527K [0x00000000a4200000, 0x0000000100000000)
  region size 1024K, 4 young (4096K), 4 survivors (4096K)
 Metaspace       used 45419K, committed 45888K, reserved 1114112K
  class space    used 5255K, committed 5440K, reserved 1048576K
}
Event: 29.538 GC heap before
{Heap before GC invocations=12 (full 0):
 garbage-first heap   total reserved 1505280K, committed 75776K, used 64103K [0x00000000a4200000, 0x0000000100000000)
  region size 1024K, 29 young (29696K), 4 survivors (4096K)
 Metaspace       used 54680K, committed 55168K, reserved 1114112K
  class space    used 6249K, committed 6464K, reserved 1048576K
}
Event: 29.546 GC heap after
{Heap after GC invocations=13 (full 0):
 garbage-first heap   total reserved 1505280K, committed 75776K, used 41221K [0x00000000a4200000, 0x0000000100000000)
  region size 1024K, 3 young (3072K), 3 survivors (3072K)
 Metaspace       used 54680K, committed 55168K, reserved 1114112K
  class space    used 6249K, committed 6464K, reserved 1048576K
}
Event: 30.617 GC heap before
{Heap before GC invocations=13 (full 0):
 garbage-first heap   total reserved 1505280K, committed 75776K, used 65797K [0x00000000a4200000, 0x0000000100000000)
  region size 1024K, 27 young (27648K), 3 survivors (3072K)
 Metaspace       used 60316K, committed 60864K, reserved 1114112K
  class space    used 6873K, committed 7104K, reserved 1048576K
}
Event: 30.621 GC heap after
{Heap after GC invocations=14 (full 0):
 garbage-first heap   total reserved 1505280K, committed 75776K, used 42403K [0x00000000a4200000, 0x0000000100000000)
  region size 1024K, 2 young (2048K), 2 survivors (2048K)
 Metaspace       used 60316K, committed 60864K, reserved 1114112K
  class space    used 6873K, committed 7104K, reserved 1048576K
}
Event: 36.484 GC heap before
{Heap before GC invocations=14 (full 0):
 garbage-first heap   total reserved 1505280K, committed 75776K, used 65955K [0x00000000a4200000, 0x0000000100000000)
  region size 1024K, 26 young (26624K), 2 survivors (2048K)
 Metaspace       used 67891K, committed 68480K, reserved 1114112K
  class space    used 7758K, committed 8000K, reserved 1048576K
}
Event: 36.488 GC heap after
{Heap after GC invocations=15 (full 0):
 garbage-first heap   total reserved 1505280K, committed 75776K, used 43593K [0x00000000a4200000, 0x0000000100000000)
  region size 1024K, 3 young (3072K), 3 survivors (3072K)
 Metaspace       used 67891K, committed 68480K, reserved 1114112K
  class space    used 7758K, committed 8000K, reserved 1048576K
}

